# JRE version: OpenJDK Runtime Environment Temurin-21.0.10+7 (21.0.10+7) (build 21.0.10+7-LTS)
# Java VM: OpenJDK 64-Bit Server VM Temurin-21.0.10+7 (21.0.10+7-LTS, mixed mode, sharing, tiered, compressed oops, compressed class ptrs, parallel gc, windows-amd64)
GC Precious Log:
 CardTable entry size: 512
 CPUs: 16 total, 16 available
 Memory: 16085M
 Large Page Support: Disabled
 NUMA Support: Disabled
 Compressed Oops: Enabled (32-bit)
 Alignments: Space 512K, Generation 512K, Heap 2M
 Heap Min Capacity: 100M
 Heap Initial Capacity: 100M
 Heap Max Capacity: 2G
 Pre-touch: Disabled
 Parallel Workers: 13
Heap:
 PSYoungGen      total 7168K, used 6263K [0x00000000d5580000, 0x00000000d5e80000, 0x0000000100000000)
  eden space 6144K, 85% used [0x00000000d5580000,0x00000000d5aa5c68,0x00000000d5b80000)
  from space 1024K, 96% used [0x00000000d5b80000,0x00000000d5c78020,0x00000000d5c80000)
  to   space 1536K, 0% used [0x00000000d5d00000,0x00000000d5d00000,0x00000000d5e80000)
 ParOldGen       total 711168K, used 710845K [0x0000000080000000, 0x00000000ab680000, 0x00000000d5580000)
  object space 711168K, 99% used [0x0000000080000000,0x00000000ab62f4b8,0x00000000ab680000)
 Metaspace       used 96026K, committed 97728K, reserved 1179648K
  class space    used 9591K, committed 10304K, reserved 1048576K
GC Heap History (20 events):
Event: 19625.400 GC heap before
{Heap before GC invocations=4511 (full 8):
 PSYoungGen      total 7168K, used 6784K [0x00000000d5580000, 0x00000000d5d80000, 0x0000000100000000)
  eden space 6144K, 100% used [0x00000000d5580000,0x00000000d5b80000,0x00000000d5b80000)
  from space 1024K, 62% used [0x00000000d5b80000,0x00000000d5c20000,0x00000000d5c80000)
  to   space 1024K, 0% used [0x00000000d5c80000,0x00000000d5c80000,0x00000000d5d80000)
 ParOldGen       total 705024K, used 704579K [0x0000000080000000, 0x00000000ab080000, 0x00000000d5580000)
  object space 705024K, 99% used [0x0000000080000000,0x00000000ab010cd8,0x00000000ab080000)
 Metaspace       used 96023K, committed 97728K, reserved 1179648K
  class space    used 9591K, committed 10304K, reserved 1048576K
}
Event: 19625.402 GC heap after
{Heap after GC invocations=4511 (full 8):
 PSYoungGen      total 7168K, used 896K [0x00000000d5580000, 0x00000000d5d80000, 0x0000000100000000)
  eden space 6144K, 0% used [0x00000000d5580000,0x00000000d5580000,0x00000000d5b80000)
  from space 1024K, 87% used [0x00000000d5c80000,0x00000000d5d60000,0x00000000d5d80000)
  to   space 1024K, 0% used [0x00000000d5b80000,0x00000000d5b80000,0x00000000d5c80000)
 ParOldGen       total 705024K, used 704971K [0x0000000080000000, 0x00000000ab080000, 0x00000000d5580000)
  object space 705024K, 99% used [0x0000000080000000,0x00000000ab072d38,0x00000000ab080000)
 Metaspace       used 96023K, committed 97728K, reserved 1179648K
  class space    used 9591K, committed 10304K, reserved 1048576K
}
Event: 19625.424 GC heap before
{Heap before GC invocations=4512 (full 8):
 PSYoungGen      total 7168K, used 7040K [0x00000000d5580000, 0x00000000d5d80000, 0x0000000100000000)
  eden space 6144K, 100% used [0x00000000d5580000,0x00000000d5b80000,0x00000000d5b80000)
  from space 1024K, 87% used [0x00000000d5c80000,0x00000000d5d60000,0x00000000d5d80000)
  to   space 1024K, 0% used [0x00000000d5b80000,0x00000000d5b80000,0x00000000d5c80000)
 ParOldGen       total 705024K, used 704971K [0x0000000080000000, 0x00000000ab080000, 0x00000000d5580000)
  object space 705024K, 99% used [0x0000000080000000,0x00000000ab072d38,0x00000000ab080000)
 Metaspace       used 96023K, committed 97728K, reserved 1179648K
  class space    used 9591K, committed 10304K, reserved 1048576K
}
Event: 19625.425 GC heap after
{Heap after GC invocations=4512 (full 8):
 PSYoungGen      total 7168K, used 1002K [0x00000000d5580000, 0x00000000d5f80000, 0x0000000100000000)
  eden space 6144K, 0% used [0x00000000d5580000,0x00000000d5580000,0x00000000d5b80000)
  from space 1024K, 97% used [0x00000000d5b80000,0x00000000d5c7a930,0x00000000d5c80000)
  to   space 2048K, 0% used [0x00000000d5d80000,0x00000000d5d80000,0x00000000d5f80000)
 ParOldGen       total 706048K, used 705579K [0x0000000080000000, 0x00000000ab180000, 0x00000000d5580000)
  object space 706048K, 99% used [0x0000000080000000,0x00000000ab10ad68,0x00000000ab180000)
 Metaspace       used 96023K, committed 97728K, reserved 1179648K
  class space    used 9591K, committed 10304K, reserved 1048576K
}
Event: 19625.430 GC heap before
{Heap before GC invocations=4513 (full 8):
 PSYoungGen      total 7168K, used 7146K [0x00000000d5580000, 0x00000000d5f80000, 0x0000000100000000)
  eden space 6144K, 100% used [0x00000000d5580000,0x00000000d5b80000,0x00000000d5b80000)
  from space 1024K, 97% used [0x00000000d5b80000,0x00000000d5c7a930,0x00000000d5c80000)
  to   space 2048K, 0% used [0x00000000d5d80000,0x00000000d5d80000,0x00000000d5f80000)
 ParOldGen       total 706048K, used 705579K [0x0000000080000000, 0x00000000ab180000, 0x00000000d5580000)
  object space 706048K, 99% used [0x0000000080000000,0x00000000ab10ad68,0x00000000ab180000)
 Metaspace       used 96023K, committed 97728K, reserved 1179648K
  class space    used 9591K, committed 10304K, reserved 1048576K
}
Event: 19625.431 GC heap after
{Heap after GC invocations=4513 (full 8):
 PSYoungGen      total 7168K, used 800K [0x00000000d5580000, 0x00000000d5e80000, 0x0000000100000000)
  eden space 6144K, 0% used [0x00000000d5580000,0x00000000d5580000,0x00000000d5b80000)
  from space 1024K, 78% used [0x00000000d5d80000,0x00000000d5e48020,0x00000000d5e80000)
  to   space 1536K, 0% used [0x00000000d5b80000,0x00000000d5b80000,0x00000000d5d00000)
 ParOldGen       total 706560K, used 706416K [0x0000000080000000, 0x00000000ab200000, 0x00000000d5580000)
  object space 706560K, 99% used [0x0000000080000000,0x00000000ab1dc258,0x00000000ab200000)
 Metaspace       used 96023K, committed 97728K, reserved 1179648K
  class space    used 9591K, committed 10304K, reserved 1048576K
}
Event: 19625.439 GC heap before
{Heap before GC invocations=4514 (full 8):
 PSYoungGen      total 7168K, used 6944K [0x00000000d5580000, 0x00000000d5e80000, 0x0000000100000000)
  eden space 6144K, 100% used [0x00000000d5580000,0x00000000d5b80000,0x00000000d5b80000)
  from space 1024K, 78% used [0x00000000d5d80000,0x00000000d5e48020,0x00000000d5e80000)
  to   space 1536K, 0% used [0x00000000d5b80000,0x00000000d5b80000,0x00000000d5d00000)
 ParOldGen       total 706560K, used 706416K [0x0000000080000000, 0x00000000ab200000, 0x00000000d5580000)
  object space 706560K, 99% used [0x0000000080000000,0x00000000ab1dc258,0x00000000ab200000)
 Metaspace       used 96023K, committed 97728K, reserved 1179648K
  class space    used 9591K, committed 10304K, reserved 1048576K
}
Event: 19625.442 GC heap after
{Heap after GC invocations=4514 (full 8):
 PSYoungGen      total 7680K, used 800K [0x00000000d5580000, 0x00000000d5e00000, 0x0000000100000000)
  eden space 6144K, 0% used [0x00000000d5580000,0x00000000d5580000,0x00000000d5b80000)
  from space 1536K, 52% used [0x00000000d5b80000,0x00000000d5c48020,0x00000000d5d00000)
  to   space 1024K, 0% used [0x00000000d5d00000,0x00000000d5d00000,0x00000000d5e00000)
 ParOldGen       total 707072K, used 707000K [0x0000000080000000, 0x00000000ab280000, 0x00000000d5580000)
  object space 707072K, 99% used [0x0000000080000000,0x00000000ab26e278,0x00000000ab280000)
 Metaspace       used 96023K, committed 97728K, reserved 1179648K
  class space    used 9591K, committed 10304K, reserved 1048576K
}
Event: 19625.451 GC heap before
{Heap before GC invocations=4515 (full 8):
 PSYoungGen      total 7680K, used 6944K [0x00000000d5580000, 0x00000000d5e00000, 0x0000000100000000)
  eden space 6144K, 100% used [0x00000000d5580000,0x00000000d5b80000,0x00000000d5b80000)
  from space 1536K, 52% used [0x00000000d5b80000,0x00000000d5c48020,0x00000000d5d00000)
  to   space 1024K, 0% used [0x00000000d5d00000,0x00000000d5d00000,0x00000000d5e00000)
 ParOldGen       total 707072K, used 707000K [0x0000000080000000, 0x00000000ab280000, 0x00000000d5580000)
  object space 707072K, 99% used [0x0000000080000000,0x00000000ab26e278,0x00000000ab280000)
 Metaspace       used 96023K, committed 97728K, reserved 1179648K
  class space    used 9591K, committed 10304K, reserved 1048576K
}
Event: 19625.452 GC heap after
{Heap after GC invocations=4515 (full 8):
 PSYoungGen      total 7168K, used 896K [0x00000000d5580000, 0x00000000d5e00000, 0x0000000100000000)
  eden space 6144K, 0% used [0x00000000d5580000,0x00000000d5580000,0x00000000d5b80000)
  from space 1024K, 87% used [0x00000000d5d00000,0x00000000d5de0020,0x00000000d5e00000)
  to   space 1024K, 0% used [0x00000000d5c00000,0x00000000d5c00000,0x00000000d5d00000)
 ParOldGen       total 708096K, used 707640K [0x0000000080000000, 0x00000000ab380000, 0x00000000d5580000)
  object space 708096K, 99% used [0x0000000080000000,0x00000000ab30e2b8,0x00000000ab380000)
 Metaspace       used 96023K, committed 97728K, reserved 1179648K
  class space    used 9591K, committed 10304K, reserved 1048576K
}
Event: 19625.457 GC heap before
{Heap before GC invocations=4516 (full 8):
 PSYoungGen      total 7168K, used 7040K [0x00000000d5580000, 0x00000000d5e00000, 0x0000000100000000)
  eden space 6144K, 100% used [0x00000000d5580000,0x00000000d5b80000,0x00000000d5b80000)
  from space 1024K, 87% used [0x00000000d5d00000,0x00000000d5de0020,0x00000000d5e00000)
  to   space 1024K, 0% used [0x00000000d5c00000,0x00000000d5c00000,0x00000000d5d00000)
 ParOldGen       total 708096K, used 707640K [0x0000000080000000, 0x00000000ab380000, 0x00000000d5580000)
  object space 708096K, 99% used [0x0000000080000000,0x00000000ab30e2b8,0x00000000ab380000)
 Metaspace       used 96023K, committed 97728K, reserved 1179648K
  class space    used 9591K, committed 10304K, reserved 1048576K
}
Event: 19625.458 GC heap after
{Heap after GC invocations=4516 (full 8):
 PSYoungGen      total 7168K, used 896K [0x00000000d5580000, 0x00000000d5d80000, 0x0000000100000000)
  eden space 6144K, 0% used [0x00000000d5580000,0x00000000d5580000,0x00000000d5b80000)
  from space 1024K, 87% used [0x00000000d5c00000,0x00000000d5ce0020,0x00000000d5d00000)
  to   space 512K, 0% used [0x00000000d5d00000,0x00000000d5d00000,0x00000000d5d80000)
 ParOldGen       total 708608K, used 708324K [0x0000000080000000, 0x00000000ab400000, 0x00000000d5580000)
  object space 708608K, 99% used [0x0000000080000000,0x00000000ab3b9308,0x00000000ab400000)
 Metaspace       used 96023K, committed 97728K, reserved 1179648K
  class space    used 9591K, committed 10304K, reserved 1048576K
}
Event: 19625.465 GC heap before
{Heap before GC invocations=4517 (full 8):
 PSYoungGen      total 7168K, used 7040K [0x00000000d5580000, 0x00000000d5d80000, 0x0000000100000000)
  eden space 6144K, 100% used [0x00000000d5580000,0x00000000d5b80000,0x00000000d5b80000)
  from space 1024K, 87% used [0x00000000d5c00000,0x00000000d5ce0020,0x00000000d5d00000)
  to   space 512K, 0% used [0x00000000d5d00000,0x00000000d5d00000,0x00000000d5d80000)
 ParOldGen       total 708608K, used 708324K [0x0000000080000000, 0x00000000ab400000, 0x00000000d5580000)
  object space 708608K, 99% used [0x0000000080000000,0x00000000ab3b9308,0x00000000ab400000)
 Metaspace       used 96023K, committed 97728K, reserved 1179648K
  class space    used 9591K, committed 10304K, reserved 1048576K
}
Event: 19625.467 GC heap after
{Heap after GC invocations=4517 (full 8):
 PSYoungGen      total 6656K, used 480K [0x00000000d5580000, 0x00000000d5e80000, 0x0000000100000000)
  eden space 6144K, 0% used [0x00000000d5580000,0x00000000d5580000,0x00000000d5b80000)
  from space 512K, 93% used [0x00000000d5d00000,0x00000000d5d78010,0x00000000d5d80000)
  to   space 1536K, 0% used [0x00000000d5b80000,0x00000000d5b80000,0x00000000d5d00000)
 ParOldGen       total 709632K, used 709228K [0x0000000080000000, 0x00000000ab500000, 0x00000000d5580000)
  object space 709632K, 99% used [0x0000000080000000,0x00000000ab49b378,0x00000000ab500000)
 Metaspace       used 96023K, committed 97728K, reserved 1179648K
  class space    used 9591K, committed 10304K, reserved 1048576K
}
Event: 19625.473 GC heap before
{Heap before GC invocations=4518 (full 8):
 PSYoungGen      total 6656K, used 6624K [0x00000000d5580000, 0x00000000d5e80000, 0x0000000100000000)
  eden space 6144K, 100% used [0x00000000d5580000,0x00000000d5b80000,0x00000000d5b80000)
  from space 512K, 93% used [0x00000000d5d00000,0x00000000d5d78010,0x00000000d5d80000)
  to   space 1536K, 0% used [0x00000000d5b80000,0x00000000d5b80000,0x00000000d5d00000)
 ParOldGen       total 709632K, used 709228K [0x0000000080000000, 0x00000000ab500000, 0x00000000d5580000)
  object space 709632K, 99% used [0x0000000080000000,0x00000000ab49b378,0x00000000ab500000)
 Metaspace       used 96023K, committed 97728K, reserved 1179648K
  class space    used 9591K, committed 10304K, reserved 1048576K
}
Event: 19625.474 GC heap after
{Heap after GC invocations=4518 (full 8):
 PSYoungGen      total 7168K, used 800K [0x00000000d5580000, 0x00000000d5d80000, 0x0000000100000000)
  eden space 6144K, 0% used [0x00000000d5580000,0x00000000d5580000,0x00000000d5b80000)
  from space 1024K, 78% used [0x00000000d5b80000,0x00000000d5c48000,0x00000000d5c80000)
  to   space 1024K, 0% used [0x00000000d5c80000,0x00000000d5c80000,0x00000000d5d80000)
 ParOldGen       total 710144K, used 709668K [0x0000000080000000, 0x00000000ab580000, 0x00000000d5580000)
  object space 710144K, 99% used [0x0000000080000000,0x00000000ab5093b8,0x00000000ab580000)
 Metaspace       used 96023K, committed 97728K, reserved 1179648K
  class space    used 9591K, committed 10304K, reserved 1048576K
}
Event: 19625.481 GC heap before
{Heap before GC invocations=4519 (full 8):
 PSYoungGen      total 7168K, used 6944K [0x00000000d5580000, 0x00000000d5d80000, 0x0000000100000000)
  eden space 6144K, 100% used [0x00000000d5580000,0x00000000d5b80000,0x00000000d5b80000)
  from space 1024K, 78% used [0x00000000d5b80000,0x00000000d5c48000,0x00000000d5c80000)
  to   space 1024K, 0% used [0x00000000d5c80000,0x00000000d5c80000,0x00000000d5d80000)
 ParOldGen       total 710144K, used 709668K [0x0000000080000000, 0x00000000ab580000, 0x00000000d5580000)
  object space 710144K, 99% used [0x0000000080000000,0x00000000ab5093b8,0x00000000ab580000)
 Metaspace       used 96023K, committed 97728K, reserved 1179648K
  class space    used 9591K, committed 10304K, reserved 1048576K
}
Event: 19625.482 GC heap after
{Heap after GC invocations=4519 (full 8):
 PSYoungGen      total 7168K, used 768K [0x00000000d5580000, 0x00000000d5d80000, 0x0000000100000000)
  eden space 6144K, 0% used [0x00000000d5580000,0x00000000d5580000,0x00000000d5b80000)
  from space 1024K, 75% used [0x00000000d5c80000,0x00000000d5d40000,0x00000000d5d80000)
  to   space 1024K, 0% used [0x00000000d5b80000,0x00000000d5b80000,0x00000000d5c80000)
 ParOldGen       total 710656K, used 710253K [0x0000000080000000, 0x00000000ab600000, 0x00000000d5580000)
  object space 710656K, 99% used [0x0000000080000000,0x00000000ab59b418,0x00000000ab600000)
 Metaspace       used 96023K, committed 97728K, reserved 1179648K
  class space    used 9591K, committed 10304K, reserved 1048576K
}
Event: 19625.491 GC heap before
{Heap before GC invocations=4520 (full 8):
 PSYoungGen      total 7168K, used 6912K [0x00000000d5580000, 0x00000000d5d80000, 0x0000000100000000)
  eden space 6144K, 100% used [0x00000000d5580000,0x00000000d5b80000,0x00000000d5b80000)
  from space 1024K, 75% used [0x00000000d5c80000,0x00000000d5d40000,0x00000000d5d80000)
  to   space 1024K, 0% used [0x00000000d5b80000,0x00000000d5b80000,0x00000000d5c80000)
 ParOldGen       total 710656K, used 710253K [0x0000000080000000, 0x00000000ab600000, 0x00000000d5580000)
  object space 710656K, 99% used [0x0000000080000000,0x00000000ab59b418,0x00000000ab600000)
 Metaspace       used 96023K, committed 97728K, reserved 1179648K
  class space    used 9591K, committed 10304K, reserved 1048576K
}
Event: 19625.492 GC heap after
{Heap after GC invocations=4520 (full 8):
 PSYoungGen      total 7168K, used 992K [0x00000000d5580000, 0x00000000d5e80000, 0x0000000100000000)
  eden space 6144K, 0% used [0x00000000d5580000,0x00000000d5580000,0x00000000d5b80000)
  from space 1024K, 96% used [0x00000000d5b80000,0x00000000d5c78020,0x00000000d5c80000)
  to   space 1536K, 0% used [0x00000000d5d00000,0x00000000d5d00000,0x00000000d5e80000)
 ParOldGen       total 711168K, used 710845K [0x0000000080000000, 0x00000000ab680000, 0x00000000d5580000)
  object space 711168K, 99% used [0x0000000080000000,0x00000000ab62f4b8,0x00000000ab680000)
 Metaspace       used 96023K, committed 97728K, reserved 1179648K
  class space    used 9591K, committed 10304K, reserved 1048576K
}

